[28-Nov-2024 13:56:08 Europe/Berlin] Upload attempt by user: 4
[28-Nov-2024 13:56:08 Europe/Berlin] FILES array: Array
(
    [document] => Array 
        (
            [name] => Manzo-AddData_Act1.pdf
            [full_path] => Manzo-AddData_Act1.pdf
            [type] => application/pdf
            [tmp_name] => C:\xampp\tmp\phpFFEE.tmp
            [error] => 0
            [size] => 459742
        )

)

[28-Nov-2024 13:56:08 Europe/Berlin] POST array: Array
(
    [document_type] => baptismal
)

[28-Nov-2024 13:56:08 Europe/Berlin] Using existing booking: 1
[28-Nov-2024 13:56:08 Europe/Berlin] Target file path: C:\xampp\htdocs\wedsched\api/../uploads/documents/1/baptismal_1732798568.pdf
[28-Nov-2024 13:56:08 Europe/Berlin] Error in upload process: SQLSTATE[42S22]: Column not found: 1054 Unknown column 'status' in 'field list'
[28-Nov-2024 14:03:49 Europe/Berlin] Upload attempt by user: 6
[28-Nov-2024 14:03:49 Europe/Berlin] FILES array: Array
(
    [document] => Array
        (
            [name] => Baptismal.pdf
            [full_path] => Baptismal.pdf
            [type] => application/pdf
            [tmp_name] => C:\xampp\tmp\phpB66.tmp
            [error] => 0
            [size] => 68163
        )

)

[28-Nov-2024 14:03:49 Europe/Berlin] POST array: Array
(
    [document_type] => baptismal
)

[28-Nov-2024 14:03:49 Europe/Berlin] Created new booking: 2
[28-Nov-2024 14:03:49 Europe/Berlin] Created directory: C:\xampp\htdocs\wedsched\api/../uploads/documents/2
[28-Nov-2024 14:03:49 Europe/Berlin] Target file path: C:\xampp\htdocs\wedsched\api/../uploads/documents/2/baptismal_1732799029.pdf
[28-Nov-2024 14:03:49 Europe/Berlin] Error in upload process: SQLSTATE[42S22]: Column not found: 1054 Unknown column 'status' in 'field list'
[28-Nov-2024 14:04:46 Europe/Berlin] Upload attempt by user: 6
[28-Nov-2024 14:04:46 Europe/Berlin] FILES array: Array
(
    [document] => Array
        (
            [name] => PERALTA.pdf
            [full_path] => PERALTA.pdf
            [type] => application/pdf
            [tmp_name] => C:\xampp\tmp\phpE81C.tmp
            [error] => 0
            [size] => 458344
        )

)

[28-Nov-2024 14:04:46 Europe/Berlin] POST array: Array
(
    [document_type] => birth_certificate
)

[28-Nov-2024 14:04:46 Europe/Berlin] Using existing booking: 2
[28-Nov-2024 14:04:46 Europe/Berlin] Target file path: C:\xampp\htdocs\wedsched\api/../uploads/documents/2/birth_certificate_1732799086.pdf
[28-Nov-2024 14:04:46 Europe/Berlin] Error in upload process: SQLSTATE[42S22]: Column not found: 1054 Unknown column 'status' in 'field list'
[28-Nov-2024 14:07:02 Europe/Berlin] Upload attempt by user: 6
[28-Nov-2024 14:07:02 Europe/Berlin] FILES array: Array
(
    [document] => Array
        (
            [name] => Manzo-AddData_Act1.pdf
            [full_path] => Manzo-AddData_Act1.pdf
            [type] => application/pdf
            [tmp_name] => C:\xampp\tmp\phpFAC2.tmp
            [error] => 0
            [size] => 459742
        )

)

[28-Nov-2024 14:07:02 Europe/Berlin] POST array: Array
(
    [document_type] => baptismal
)

[28-Nov-2024 14:07:02 Europe/Berlin] Using existing booking: 2
[28-Nov-2024 14:07:02 Europe/Berlin] Target file path: C:\xampp\htdocs\wedsched\api/../uploads/documents/2/baptismal_1732799222.pdf
[28-Nov-2024 14:07:02 Europe/Berlin] Error in upload process: SQLSTATE[42S22]: Column not found: 1054 Unknown column 'status' in 'field list'
[28-Nov-2024 14:09:27 Europe/Berlin] Upload attempt by user: 6
[28-Nov-2024 14:09:27 Europe/Berlin] FILES array: Array
(
    [document] => Array
        (
            [name] => Manzo-AddData_Act1.pdf
            [full_path] => Manzo-AddData_Act1.pdf
            [type] => application/pdf
            [tmp_name] => C:\xampp\tmp\php313B.tmp
            [error] => 0
            [size] => 459742
        )

)

[28-Nov-2024 14:09:27 Europe/Berlin] POST array: Array
(
    [document_type] => confirmation
)

[28-Nov-2024 14:09:27 Europe/Berlin] Using existing booking: 2
[28-Nov-2024 14:09:27 Europe/Berlin] Target file path: C:\xampp\htdocs\wedsched\api/../uploads/documents/2/confirmation_1732799367.pdf
[28-Nov-2024 14:09:27 Europe/Berlin] Error in upload process: SQLSTATE[42S22]: Column not found: 1054 Unknown column 'status' in 'field list'
